<?xml version="1.0" encoding="UTF-8"?>
<!-- Generated by org.testng.reporters.JUnitReportReporter -->
<testsuite hostname="SHRIRAM" failures="0" tests="1" name="testPackage.TestInvalidLogin" time="24.312" errors="0" timestamp="2023-05-06T18:52:05 IST" skipped="0">
  <testcase classname="testPackage.TestInvalidLogin" name="invalidLogin" time="24.312"/>
  <system-out/>
</testsuite> <!-- testPackage.TestInvalidLogin -->
