<?xml version="1.0" encoding="UTF-8"?>
<!-- Generated by org.testng.reporters.JUnitReportReporter -->
<testsuite hostname="DESKTOP-AIGVO6J" failures="0" tests="1" name="testPackage.TestUserCreated" time="32.930" errors="0" timestamp="2023-04-03T20:14:19 IST" skipped="0">
  <testcase classname="testPackage.TestUserCreated" name="user1" time="32.930"/>
  <system-out/>
</testsuite> <!-- testPackage.TestUserCreated -->
